[    2786ms] [ERROR] Failed to load resource: the server responded with a status of 404 () @ https://flux.team-nifty.com/flux/favicon.svg:0
[    2892ms] [WARNING] Error while trying to use the following icon from the Manifest: https://flux.team-nifty.com/flux/favicon.svg (Download error or resource isn't a valid image) @ https://flux.team-nifty.com/orders/11341:0
[  120679ms] [ERROR] Failed to load resource: the server responded with a status of 404 () @ https://flux.team-nifty.com/flux/favicon.svg:0
[  120685ms] [WARNING] Error while trying to use the following icon from the Manifest: https://flux.team-nifty.com/flux/favicon.svg (Download error or resource isn't a valid image) @ https://flux.team-nifty.com/orders/list:0
[  121686ms] TypeError: Cannot read properties of undefined (reading 'querySelectorAll')
    at eval (eval at <anonymous> (https://flux.team-nifty.com/livewire-c4a5e563/livewire.min.js?id=6b3709b1:5:749), <anonymous>:19:26)
    at https://flux.team-nifty.com/livewire-c4a5e563/livewire.min.js?id=6b3709b1:5:56701
    at Array.forEach (<anonymous>)
    at Ir.onRender (https://flux.team-nifty.com/livewire-c4a5e563/livewire.min.js?id=6b3709b1:5:56690)
    at https://flux.team-nifty.com/livewire-c4a5e563/livewire.min.js?id=6b3709b1:5:52376
    at Array.forEach (<anonymous>)
    at Dr.invokeOnRender (https://flux.team-nifty.com/livewire-c4a5e563/livewire.min.js?id=6b3709b1:5:52363)
    at https://flux.team-nifty.com/livewire-c4a5e563/livewire.min.js?id=6b3709b1:6:1017
[  125283ms] TypeError: Cannot read properties of undefined (reading 'querySelectorAll')
    at eval (eval at <anonymous> (https://flux.team-nifty.com/livewire-c4a5e563/livewire.min.js?id=6b3709b1:5:749), <anonymous>:19:26)
    at https://flux.team-nifty.com/livewire-c4a5e563/livewire.min.js?id=6b3709b1:5:56701
    at Array.forEach (<anonymous>)
    at Ir.onRender (https://flux.team-nifty.com/livewire-c4a5e563/livewire.min.js?id=6b3709b1:5:56690)
    at https://flux.team-nifty.com/livewire-c4a5e563/livewire.min.js?id=6b3709b1:5:52376
    at Array.forEach (<anonymous>)
    at Dr.invokeOnRender (https://flux.team-nifty.com/livewire-c4a5e563/livewire.min.js?id=6b3709b1:5:52363)
    at https://flux.team-nifty.com/livewire-c4a5e563/livewire.min.js?id=6b3709b1:6:1017
[  130004ms] TypeError: Cannot read properties of undefined (reading 'querySelectorAll')
    at eval (eval at <anonymous> (https://flux.team-nifty.com/livewire-c4a5e563/livewire.min.js?id=6b3709b1:5:749), <anonymous>:19:26)
    at https://flux.team-nifty.com/livewire-c4a5e563/livewire.min.js?id=6b3709b1:5:56701
    at Array.forEach (<anonymous>)
    at Ir.onRender (https://flux.team-nifty.com/livewire-c4a5e563/livewire.min.js?id=6b3709b1:5:56690)
    at https://flux.team-nifty.com/livewire-c4a5e563/livewire.min.js?id=6b3709b1:5:52376
    at Array.forEach (<anonymous>)
    at Dr.invokeOnRender (https://flux.team-nifty.com/livewire-c4a5e563/livewire.min.js?id=6b3709b1:5:52363)
    at https://flux.team-nifty.com/livewire-c4a5e563/livewire.min.js?id=6b3709b1:6:1017
[  132210ms] [ERROR] Failed to load resource: the server responded with a status of 404 () @ https://flux.team-nifty.com/flux/favicon.svg:0
[  132219ms] [WARNING] Error while trying to use the following icon from the Manifest: https://flux.team-nifty.com/flux/favicon.svg (Download error or resource isn't a valid image) @ https://flux.team-nifty.com/orders/11390:0
[  132303ms] TypeError: Cannot read properties of undefined (reading 'querySelectorAll')
    at eval (eval at <anonymous> (https://flux.team-nifty.com/livewire-c4a5e563/livewire.min.js?id=6b3709b1:5:749), <anonymous>:19:26)
    at https://flux.team-nifty.com/livewire-c4a5e563/livewire.min.js?id=6b3709b1:5:56701
    at Array.forEach (<anonymous>)
    at Ir.onRender (https://flux.team-nifty.com/livewire-c4a5e563/livewire.min.js?id=6b3709b1:5:56690)
    at https://flux.team-nifty.com/livewire-c4a5e563/livewire.min.js?id=6b3709b1:5:52376
    at Array.forEach (<anonymous>)
    at Dr.invokeOnRender (https://flux.team-nifty.com/livewire-c4a5e563/livewire.min.js?id=6b3709b1:5:52363)
    at https://flux.team-nifty.com/livewire-c4a5e563/livewire.min.js?id=6b3709b1:6:1017
